Copyright 1986-2019 Xilinx, Inc. All Rights Reserved.
------------------------------------------------------------------------------------
| Tool Version : Vivado v.2019.1 (win64) Build 2552052 Fri May 24 14:49:42 MDT 2019
| Date         : Sat Nov 30 17:47:44 2019
| Host         : DESKTOP-GLER8AU running 64-bit major release  (build 9200)
| Command      : upgrade_ip
| Device       : xc7z010clg400-1
------------------------------------------------------------------------------------

Upgrade Log for IP 'Zybo_periph_pwm_0_0'

1. Summary
----------

SUCCESS in the upgrade of Zybo_periph_pwm_0_0 (xilinx.com:user:pwm:1.0) from (Rev. 7) to (Rev. 8)






Copyright 1986-2019 Xilinx, Inc. All Rights Reserved.
------------------------------------------------------------------------------------
| Tool Version : Vivado v.2019.1 (win64) Build 2552052 Fri May 24 14:49:42 MDT 2019
| Date         : Sat Nov 30 17:34:53 2019
| Host         : DESKTOP-GLER8AU running 64-bit major release  (build 9200)
| Command      : upgrade_ip
| Device       : xc7z010clg400-1
------------------------------------------------------------------------------------

Upgrade Log for IP 'Zybo_periph_pwm_0_0'

1. Summary
----------

SUCCESS in the upgrade of Zybo_periph_pwm_0_0 (xilinx.com:user:pwm:1.0) from (Rev. 6) to (Rev. 7)






Copyright 1986-2019 Xilinx, Inc. All Rights Reserved.
------------------------------------------------------------------------------------
| Tool Version : Vivado v.2019.1 (win64) Build 2552052 Fri May 24 14:49:42 MDT 2019
| Date         : Sat Nov 30 17:31:04 2019
| Host         : DESKTOP-GLER8AU running 64-bit major release  (build 9200)
| Command      : upgrade_ip
| Device       : xc7z010clg400-1
------------------------------------------------------------------------------------

Upgrade Log for IP 'Zybo_periph_pwm_0_0'

1. Summary
----------

SUCCESS in the upgrade of Zybo_periph_pwm_0_0 (xilinx.com:user:pwm:1.0) from (Rev. 4) to (Rev. 6)






Copyright 1986-2019 Xilinx, Inc. All Rights Reserved.
------------------------------------------------------------------------------------
| Tool Version : Vivado v.2019.1 (win64) Build 2552052 Fri May 24 14:49:42 MDT 2019
| Date         : Sat Nov 30 16:44:04 2019
| Host         : DESKTOP-GLER8AU running 64-bit major release  (build 9200)
| Command      : upgrade_ip
| Device       : xc7z010clg400-1
------------------------------------------------------------------------------------

Upgrade Log for IP 'Zybo_periph_pwm_0_0'

1. Summary
----------

SUCCESS in the upgrade of Zybo_periph_pwm_0_0 (xilinx.com:user:pwm:1.0) from (Rev. 3) to (Rev. 4)






Copyright 1986-2019 Xilinx, Inc. All Rights Reserved.
------------------------------------------------------------------------------------
| Tool Version : Vivado v.2019.1 (win64) Build 2552052 Fri May 24 14:49:42 MDT 2019
| Date         : Sat Nov 30 16:42:16 2019
| Host         : DESKTOP-GLER8AU running 64-bit major release  (build 9200)
| Command      : upgrade_ip
| Device       : xc7z010clg400-1
------------------------------------------------------------------------------------

Upgrade Log for IP 'Zybo_periph_pwm_0_0'

1. Summary
----------

CAUTION (success, with warnings) in the upgrade of Zybo_periph_pwm_0_0 (xilinx.com:user:pwm:1.0) from (Rev. 1) to (Rev. 3)

After upgrade, an IP may have parameter and port differences compared to the original customization. Please review the parameters within the IP customization GUI to ensure proper functionality. Also, please review the updated IP instantiation template to ensure proper connectivity, and update your design if required.

2. Connection Warnings
----------------------

Detected external port differences while upgrading 'Zybo_periph_pwm_0_0'. These changes may impact your design.


-Upgrade has added port 'blue'

-Upgrade has added port 'green'

-Upgrade has added port 'red'


