17:00:18 INFO  : Registering command handlers for SDK TCF services
17:00:20 INFO  : Launching XSCT server: xsct.bat -interactive C:\Users\brown\Documents\sw\zybo\zybo_pwm_led_multicolor\zybo_pwm_led_multicolor.sdk\temp_xsdb_launch_script.tcl
17:00:25 INFO  : XSCT server has started successfully.
17:00:29 INFO  : Successfully done setting XSCT server connection channel  
17:00:29 INFO  : Processing command line option -hwspec C:/Users/brown/Documents/sw/zybo/zybo_pwm_led_multicolor/zybo_pwm_led_multicolor.sdk/Zybo_periph_wrapper.hdf.
17:00:29 INFO  : Successfully done setting SDK workspace  
17:07:38 INFO  : Connected to target on host '127.0.0.1' and port '3121'.
17:07:41 INFO  : 'targets -set -filter {jtag_cable_name =~ "Digilent Zybo Z7 210351A81A9EA" && level==0} -index 1' command is executed.
17:07:42 INFO  : FPGA configured successfully with bitstream "C:/Users/brown/Documents/sw/zybo/zybo_pwm_led_multicolor/zybo_pwm_led_multicolor.sdk/Zybo_periph_wrapper_hw_platform_0/Zybo_periph_wrapper.bit"
17:10:24 INFO  : 'targets -set -filter {jtag_cable_name =~ "Digilent Zybo Z7 210351A81A9EA" && level==0} -index 1' command is executed.
17:10:24 INFO  : 'fpga -state' command is executed.
17:10:24 INFO  : Connected to target on host '127.0.0.1' and port '3121'.
17:10:25 INFO  : Jtag cable 'Digilent Zybo Z7 210351A81A9EA' is selected.
17:10:25 INFO  : 'jtag frequency' command is executed.
17:10:25 INFO  : Sourcing of 'C:/Users/brown/Documents/sw/zybo/zybo_pwm_led_multicolor/zybo_pwm_led_multicolor.sdk/Zybo_periph_wrapper_hw_platform_0/ps7_init.tcl' is done.
17:10:25 INFO  : Context for 'APU' is selected.
17:10:25 INFO  : Hardware design information is loaded from 'C:/Users/brown/Documents/sw/zybo/zybo_pwm_led_multicolor/zybo_pwm_led_multicolor.sdk/Zybo_periph_wrapper_hw_platform_0/system.hdf'.
17:10:25 INFO  : 'configparams force-mem-access 1' command is executed.
17:10:25 INFO  : Context for 'APU' is selected.
17:10:25 INFO  : 'stop' command is executed.
17:10:25 INFO  : 'ps7_init' command is executed.
17:10:25 INFO  : 'ps7_post_config' command is executed.
17:10:25 INFO  : Context for processor 'ps7_cortexa9_0' is selected.
17:10:25 INFO  : Processor reset is completed for 'ps7_cortexa9_0'.
17:10:25 INFO  : Context for processor 'ps7_cortexa9_0' is selected.
17:10:26 INFO  : The application 'C:/Users/brown/Documents/sw/zybo/zybo_pwm_led_multicolor/zybo_pwm_led_multicolor.sdk/try_1/Debug/try_1.elf' is downloaded to processor 'ps7_cortexa9_0'.
17:10:26 INFO  : 'configparams force-mem-access 0' command is executed.
17:10:26 INFO  : ----------------XSDB Script----------------
connect -url tcp:127.0.0.1:3121
source C:/Users/brown/Documents/sw/zybo/zybo_pwm_led_multicolor/zybo_pwm_led_multicolor.sdk/Zybo_periph_wrapper_hw_platform_0/ps7_init.tcl
targets -set -nocase -filter {name =~"APU*" && jtag_cable_name =~ "Digilent Zybo Z7 210351A81A9EA"} -index 0
loadhw -hw C:/Users/brown/Documents/sw/zybo/zybo_pwm_led_multicolor/zybo_pwm_led_multicolor.sdk/Zybo_periph_wrapper_hw_platform_0/system.hdf -mem-ranges [list {0x40000000 0xbfffffff}]
configparams force-mem-access 1
targets -set -nocase -filter {name =~"APU*" && jtag_cable_name =~ "Digilent Zybo Z7 210351A81A9EA"} -index 0
stop
ps7_init
ps7_post_config
targets -set -nocase -filter {name =~ "ARM*#0" && jtag_cable_name =~ "Digilent Zybo Z7 210351A81A9EA"} -index 0
rst -processor
targets -set -nocase -filter {name =~ "ARM*#0" && jtag_cable_name =~ "Digilent Zybo Z7 210351A81A9EA"} -index 0
dow C:/Users/brown/Documents/sw/zybo/zybo_pwm_led_multicolor/zybo_pwm_led_multicolor.sdk/try_1/Debug/try_1.elf
configparams force-mem-access 0
----------------End of Script----------------

17:10:26 INFO  : Memory regions updated for context APU
17:10:26 INFO  : Context for processor 'ps7_cortexa9_0' is selected.
17:10:26 INFO  : 'con' command is executed.
17:10:26 INFO  : ----------------XSDB Script (After Launch)----------------
targets -set -nocase -filter {name =~ "ARM*#0" && jtag_cable_name =~ "Digilent Zybo Z7 210351A81A9EA"} -index 0
con
----------------End of Script----------------

17:10:26 INFO  : Launch script is exported to file 'C:\Users\brown\Documents\sw\zybo\zybo_pwm_led_multicolor\zybo_pwm_led_multicolor.sdk\.sdk\launch_scripts\xilinx_c-c++_application_(system_debugger)\system_debugger_using_debug_try_1.elf_on_local.tcl'
17:11:24 INFO  : Disconnected from the channel tcfchan#1.
17:11:25 INFO  : 'targets -set -filter {jtag_cable_name =~ "Digilent Zybo Z7 210351A81A9EA" && level==0} -index 1' command is executed.
17:11:25 INFO  : 'fpga -state' command is executed.
17:11:25 INFO  : Connected to target on host '127.0.0.1' and port '3121'.
17:11:26 INFO  : Jtag cable 'Digilent Zybo Z7 210351A81A9EA' is selected.
17:11:26 INFO  : 'jtag frequency' command is executed.
17:11:26 INFO  : Sourcing of 'C:/Users/brown/Documents/sw/zybo/zybo_pwm_led_multicolor/zybo_pwm_led_multicolor.sdk/Zybo_periph_wrapper_hw_platform_0/ps7_init.tcl' is done.
17:11:26 INFO  : Context for 'APU' is selected.
17:11:29 INFO  : Hardware design information is loaded from 'C:/Users/brown/Documents/sw/zybo/zybo_pwm_led_multicolor/zybo_pwm_led_multicolor.sdk/Zybo_periph_wrapper_hw_platform_0/system.hdf'.
17:11:29 INFO  : 'configparams force-mem-access 1' command is executed.
17:11:29 INFO  : Context for 'APU' is selected.
17:11:29 INFO  : 'stop' command is executed.
17:11:29 INFO  : 'ps7_init' command is executed.
17:11:29 INFO  : 'ps7_post_config' command is executed.
17:11:29 INFO  : Context for processor 'ps7_cortexa9_0' is selected.
17:11:29 INFO  : Processor reset is completed for 'ps7_cortexa9_0'.
17:11:29 INFO  : Context for processor 'ps7_cortexa9_0' is selected.
17:11:29 INFO  : The application 'C:/Users/brown/Documents/sw/zybo/zybo_pwm_led_multicolor/zybo_pwm_led_multicolor.sdk/try_1/Debug/try_1.elf' is downloaded to processor 'ps7_cortexa9_0'.
17:11:29 INFO  : 'configparams force-mem-access 0' command is executed.
17:11:29 INFO  : ----------------XSDB Script----------------
connect -url tcp:127.0.0.1:3121
source C:/Users/brown/Documents/sw/zybo/zybo_pwm_led_multicolor/zybo_pwm_led_multicolor.sdk/Zybo_periph_wrapper_hw_platform_0/ps7_init.tcl
targets -set -nocase -filter {name =~"APU*" && jtag_cable_name =~ "Digilent Zybo Z7 210351A81A9EA"} -index 0
loadhw -hw C:/Users/brown/Documents/sw/zybo/zybo_pwm_led_multicolor/zybo_pwm_led_multicolor.sdk/Zybo_periph_wrapper_hw_platform_0/system.hdf -mem-ranges [list {0x40000000 0xbfffffff}]
configparams force-mem-access 1
targets -set -nocase -filter {name =~"APU*" && jtag_cable_name =~ "Digilent Zybo Z7 210351A81A9EA"} -index 0
stop
ps7_init
ps7_post_config
targets -set -nocase -filter {name =~ "ARM*#0" && jtag_cable_name =~ "Digilent Zybo Z7 210351A81A9EA"} -index 0
rst -processor
targets -set -nocase -filter {name =~ "ARM*#0" && jtag_cable_name =~ "Digilent Zybo Z7 210351A81A9EA"} -index 0
dow C:/Users/brown/Documents/sw/zybo/zybo_pwm_led_multicolor/zybo_pwm_led_multicolor.sdk/try_1/Debug/try_1.elf
configparams force-mem-access 0
----------------End of Script----------------

17:11:30 INFO  : Memory regions updated for context APU
17:11:30 INFO  : Context for processor 'ps7_cortexa9_0' is selected.
17:11:30 INFO  : 'con' command is executed.
17:11:30 INFO  : ----------------XSDB Script (After Launch)----------------
targets -set -nocase -filter {name =~ "ARM*#0" && jtag_cable_name =~ "Digilent Zybo Z7 210351A81A9EA"} -index 0
con
----------------End of Script----------------

17:11:30 INFO  : Launch script is exported to file 'C:\Users\brown\Documents\sw\zybo\zybo_pwm_led_multicolor\zybo_pwm_led_multicolor.sdk\.sdk\launch_scripts\xilinx_c-c++_application_(system_debugger)\system_debugger_using_debug_try_1.elf_on_local.tcl'
17:12:53 INFO  : Disconnected from the channel tcfchan#2.
17:12:54 INFO  : 'targets -set -filter {jtag_cable_name =~ "Digilent Zybo Z7 210351A81A9EA" && level==0} -index 1' command is executed.
17:12:54 INFO  : 'fpga -state' command is executed.
17:12:54 INFO  : Connected to target on host '127.0.0.1' and port '3121'.
17:12:54 INFO  : Jtag cable 'Digilent Zybo Z7 210351A81A9EA' is selected.
17:12:54 INFO  : 'jtag frequency' command is executed.
17:12:54 INFO  : Sourcing of 'C:/Users/brown/Documents/sw/zybo/zybo_pwm_led_multicolor/zybo_pwm_led_multicolor.sdk/Zybo_periph_wrapper_hw_platform_0/ps7_init.tcl' is done.
17:12:54 INFO  : Context for 'APU' is selected.
17:12:57 INFO  : Hardware design information is loaded from 'C:/Users/brown/Documents/sw/zybo/zybo_pwm_led_multicolor/zybo_pwm_led_multicolor.sdk/Zybo_periph_wrapper_hw_platform_0/system.hdf'.
17:12:57 INFO  : 'configparams force-mem-access 1' command is executed.
17:12:57 INFO  : Context for 'APU' is selected.
17:12:57 INFO  : 'stop' command is executed.
17:12:57 INFO  : 'ps7_init' command is executed.
17:12:57 INFO  : 'ps7_post_config' command is executed.
17:12:57 INFO  : Context for processor 'ps7_cortexa9_0' is selected.
17:12:57 INFO  : Processor reset is completed for 'ps7_cortexa9_0'.
17:12:57 INFO  : Context for processor 'ps7_cortexa9_0' is selected.
17:12:58 INFO  : The application 'C:/Users/brown/Documents/sw/zybo/zybo_pwm_led_multicolor/zybo_pwm_led_multicolor.sdk/try_1/Debug/try_1.elf' is downloaded to processor 'ps7_cortexa9_0'.
17:12:58 INFO  : 'configparams force-mem-access 0' command is executed.
17:12:58 INFO  : ----------------XSDB Script----------------
connect -url tcp:127.0.0.1:3121
source C:/Users/brown/Documents/sw/zybo/zybo_pwm_led_multicolor/zybo_pwm_led_multicolor.sdk/Zybo_periph_wrapper_hw_platform_0/ps7_init.tcl
targets -set -nocase -filter {name =~"APU*" && jtag_cable_name =~ "Digilent Zybo Z7 210351A81A9EA"} -index 0
loadhw -hw C:/Users/brown/Documents/sw/zybo/zybo_pwm_led_multicolor/zybo_pwm_led_multicolor.sdk/Zybo_periph_wrapper_hw_platform_0/system.hdf -mem-ranges [list {0x40000000 0xbfffffff}]
configparams force-mem-access 1
targets -set -nocase -filter {name =~"APU*" && jtag_cable_name =~ "Digilent Zybo Z7 210351A81A9EA"} -index 0
stop
ps7_init
ps7_post_config
targets -set -nocase -filter {name =~ "ARM*#0" && jtag_cable_name =~ "Digilent Zybo Z7 210351A81A9EA"} -index 0
rst -processor
targets -set -nocase -filter {name =~ "ARM*#0" && jtag_cable_name =~ "Digilent Zybo Z7 210351A81A9EA"} -index 0
dow C:/Users/brown/Documents/sw/zybo/zybo_pwm_led_multicolor/zybo_pwm_led_multicolor.sdk/try_1/Debug/try_1.elf
configparams force-mem-access 0
----------------End of Script----------------

17:12:58 INFO  : Memory regions updated for context APU
17:12:58 INFO  : Context for processor 'ps7_cortexa9_0' is selected.
17:12:58 INFO  : 'con' command is executed.
17:12:58 INFO  : ----------------XSDB Script (After Launch)----------------
targets -set -nocase -filter {name =~ "ARM*#0" && jtag_cable_name =~ "Digilent Zybo Z7 210351A81A9EA"} -index 0
con
----------------End of Script----------------

17:12:58 INFO  : Launch script is exported to file 'C:\Users\brown\Documents\sw\zybo\zybo_pwm_led_multicolor\zybo_pwm_led_multicolor.sdk\.sdk\launch_scripts\xilinx_c-c++_application_(system_debugger)\system_debugger_using_debug_try_1.elf_on_local.tcl'
17:14:10 INFO  : Disconnected from the channel tcfchan#3.
17:14:11 INFO  : 'targets -set -filter {jtag_cable_name =~ "Digilent Zybo Z7 210351A81A9EA" && level==0} -index 1' command is executed.
17:14:12 INFO  : 'fpga -state' command is executed.
17:14:12 INFO  : Connected to target on host '127.0.0.1' and port '3121'.
17:14:12 INFO  : Jtag cable 'Digilent Zybo Z7 210351A81A9EA' is selected.
17:14:12 INFO  : 'jtag frequency' command is executed.
17:14:12 INFO  : Sourcing of 'C:/Users/brown/Documents/sw/zybo/zybo_pwm_led_multicolor/zybo_pwm_led_multicolor.sdk/Zybo_periph_wrapper_hw_platform_0/ps7_init.tcl' is done.
17:14:12 INFO  : Context for 'APU' is selected.
17:14:16 INFO  : Hardware design information is loaded from 'C:/Users/brown/Documents/sw/zybo/zybo_pwm_led_multicolor/zybo_pwm_led_multicolor.sdk/Zybo_periph_wrapper_hw_platform_0/system.hdf'.
17:14:16 INFO  : 'configparams force-mem-access 1' command is executed.
17:14:16 INFO  : Context for 'APU' is selected.
17:14:16 INFO  : 'stop' command is executed.
17:14:16 INFO  : 'ps7_init' command is executed.
17:14:16 INFO  : 'ps7_post_config' command is executed.
17:14:16 INFO  : Context for processor 'ps7_cortexa9_0' is selected.
17:14:16 INFO  : Processor reset is completed for 'ps7_cortexa9_0'.
17:14:16 INFO  : Context for processor 'ps7_cortexa9_0' is selected.
17:14:17 INFO  : The application 'C:/Users/brown/Documents/sw/zybo/zybo_pwm_led_multicolor/zybo_pwm_led_multicolor.sdk/try_1/Debug/try_1.elf' is downloaded to processor 'ps7_cortexa9_0'.
17:14:17 INFO  : 'configparams force-mem-access 0' command is executed.
17:14:17 INFO  : ----------------XSDB Script----------------
connect -url tcp:127.0.0.1:3121
source C:/Users/brown/Documents/sw/zybo/zybo_pwm_led_multicolor/zybo_pwm_led_multicolor.sdk/Zybo_periph_wrapper_hw_platform_0/ps7_init.tcl
targets -set -nocase -filter {name =~"APU*" && jtag_cable_name =~ "Digilent Zybo Z7 210351A81A9EA"} -index 0
loadhw -hw C:/Users/brown/Documents/sw/zybo/zybo_pwm_led_multicolor/zybo_pwm_led_multicolor.sdk/Zybo_periph_wrapper_hw_platform_0/system.hdf -mem-ranges [list {0x40000000 0xbfffffff}]
configparams force-mem-access 1
targets -set -nocase -filter {name =~"APU*" && jtag_cable_name =~ "Digilent Zybo Z7 210351A81A9EA"} -index 0
stop
ps7_init
ps7_post_config
targets -set -nocase -filter {name =~ "ARM*#0" && jtag_cable_name =~ "Digilent Zybo Z7 210351A81A9EA"} -index 0
rst -processor
targets -set -nocase -filter {name =~ "ARM*#0" && jtag_cable_name =~ "Digilent Zybo Z7 210351A81A9EA"} -index 0
dow C:/Users/brown/Documents/sw/zybo/zybo_pwm_led_multicolor/zybo_pwm_led_multicolor.sdk/try_1/Debug/try_1.elf
configparams force-mem-access 0
----------------End of Script----------------

17:14:17 INFO  : Memory regions updated for context APU
17:14:17 INFO  : Context for processor 'ps7_cortexa9_0' is selected.
17:14:17 INFO  : 'con' command is executed.
17:14:17 INFO  : ----------------XSDB Script (After Launch)----------------
targets -set -nocase -filter {name =~ "ARM*#0" && jtag_cable_name =~ "Digilent Zybo Z7 210351A81A9EA"} -index 0
con
----------------End of Script----------------

17:14:17 INFO  : Launch script is exported to file 'C:\Users\brown\Documents\sw\zybo\zybo_pwm_led_multicolor\zybo_pwm_led_multicolor.sdk\.sdk\launch_scripts\xilinx_c-c++_application_(system_debugger)\system_debugger_using_debug_try_1.elf_on_local.tcl'
17:14:59 INFO  : 'targets -set -filter {jtag_cable_name =~ "Digilent Zybo Z7 210351A81A9EA" && level==0} -index 1' command is executed.
17:14:59 INFO  : 'fpga -state' command is executed.
17:14:59 INFO  : Connected to target on host '127.0.0.1' and port '3121'.
17:14:59 INFO  : Jtag cable 'Digilent Zybo Z7 210351A81A9EA' is selected.
17:14:59 INFO  : 'jtag frequency' command is executed.
17:14:59 INFO  : Sourcing of 'C:/Users/brown/Documents/sw/zybo/zybo_pwm_led_multicolor/zybo_pwm_led_multicolor.sdk/Zybo_periph_wrapper_hw_platform_0/ps7_init.tcl' is done.
17:14:59 INFO  : Context for 'APU' is selected.
17:14:59 INFO  : Hardware design information is loaded from 'C:/Users/brown/Documents/sw/zybo/zybo_pwm_led_multicolor/zybo_pwm_led_multicolor.sdk/Zybo_periph_wrapper_hw_platform_0/system.hdf'.
17:15:00 INFO  : 'configparams force-mem-access 1' command is executed.
17:15:00 INFO  : Context for 'APU' is selected.
17:15:00 INFO  : 'stop' command is executed.
17:15:00 INFO  : 'ps7_init' command is executed.
17:15:00 INFO  : 'ps7_post_config' command is executed.
17:15:00 INFO  : Context for processor 'ps7_cortexa9_0' is selected.
17:15:01 INFO  : Processor reset is completed for 'ps7_cortexa9_0'.
17:15:01 INFO  : Context for processor 'ps7_cortexa9_0' is selected.
17:15:01 INFO  : The application 'C:/Users/brown/Documents/sw/zybo/zybo_pwm_led_multicolor/zybo_pwm_led_multicolor.sdk/try_1/Debug/try_1.elf' is downloaded to processor 'ps7_cortexa9_0'.
17:15:01 INFO  : 'configparams force-mem-access 0' command is executed.
17:15:01 INFO  : ----------------XSDB Script----------------
connect -url tcp:127.0.0.1:3121
source C:/Users/brown/Documents/sw/zybo/zybo_pwm_led_multicolor/zybo_pwm_led_multicolor.sdk/Zybo_periph_wrapper_hw_platform_0/ps7_init.tcl
targets -set -nocase -filter {name =~"APU*" && jtag_cable_name =~ "Digilent Zybo Z7 210351A81A9EA"} -index 0
loadhw -hw C:/Users/brown/Documents/sw/zybo/zybo_pwm_led_multicolor/zybo_pwm_led_multicolor.sdk/Zybo_periph_wrapper_hw_platform_0/system.hdf -mem-ranges [list {0x40000000 0xbfffffff}]
configparams force-mem-access 1
targets -set -nocase -filter {name =~"APU*" && jtag_cable_name =~ "Digilent Zybo Z7 210351A81A9EA"} -index 0
stop
ps7_init
ps7_post_config
targets -set -nocase -filter {name =~ "ARM*#0" && jtag_cable_name =~ "Digilent Zybo Z7 210351A81A9EA"} -index 0
rst -processor
targets -set -nocase -filter {name =~ "ARM*#0" && jtag_cable_name =~ "Digilent Zybo Z7 210351A81A9EA"} -index 0
dow C:/Users/brown/Documents/sw/zybo/zybo_pwm_led_multicolor/zybo_pwm_led_multicolor.sdk/try_1/Debug/try_1.elf
configparams force-mem-access 0
----------------End of Script----------------

17:15:01 INFO  : Context for processor 'ps7_cortexa9_0' is selected.
17:15:01 INFO  : 'con' command is executed.
17:15:01 INFO  : ----------------XSDB Script (After Launch)----------------
targets -set -nocase -filter {name =~ "ARM*#0" && jtag_cable_name =~ "Digilent Zybo Z7 210351A81A9EA"} -index 0
con
----------------End of Script----------------

17:15:01 INFO  : Disconnected from the channel tcfchan#4.
17:15:29 INFO  : 'targets -set -filter {jtag_cable_name =~ "Digilent Zybo Z7 210351A81A9EA" && level==0} -index 1' command is executed.
17:15:29 INFO  : 'fpga -state' command is executed.
17:15:29 INFO  : Connected to target on host '127.0.0.1' and port '3121'.
17:15:30 INFO  : Jtag cable 'Digilent Zybo Z7 210351A81A9EA' is selected.
17:15:30 INFO  : 'jtag frequency' command is executed.
17:15:30 INFO  : Sourcing of 'C:/Users/brown/Documents/sw/zybo/zybo_pwm_led_multicolor/zybo_pwm_led_multicolor.sdk/Zybo_periph_wrapper_hw_platform_0/ps7_init.tcl' is done.
17:15:30 INFO  : Context for 'APU' is selected.
17:15:33 INFO  : Hardware design information is loaded from 'C:/Users/brown/Documents/sw/zybo/zybo_pwm_led_multicolor/zybo_pwm_led_multicolor.sdk/Zybo_periph_wrapper_hw_platform_0/system.hdf'.
17:15:33 INFO  : 'configparams force-mem-access 1' command is executed.
17:15:33 INFO  : Context for 'APU' is selected.
17:15:33 INFO  : 'stop' command is executed.
17:15:34 INFO  : 'ps7_init' command is executed.
17:15:34 INFO  : 'ps7_post_config' command is executed.
17:15:34 INFO  : Context for processor 'ps7_cortexa9_0' is selected.
17:15:34 INFO  : Processor reset is completed for 'ps7_cortexa9_0'.
17:15:34 INFO  : Context for processor 'ps7_cortexa9_0' is selected.
17:15:34 INFO  : The application 'C:/Users/brown/Documents/sw/zybo/zybo_pwm_led_multicolor/zybo_pwm_led_multicolor.sdk/try_1/Debug/try_1.elf' is downloaded to processor 'ps7_cortexa9_0'.
17:15:34 INFO  : 'configparams force-mem-access 0' command is executed.
17:15:34 INFO  : ----------------XSDB Script----------------
connect -url tcp:127.0.0.1:3121
source C:/Users/brown/Documents/sw/zybo/zybo_pwm_led_multicolor/zybo_pwm_led_multicolor.sdk/Zybo_periph_wrapper_hw_platform_0/ps7_init.tcl
targets -set -nocase -filter {name =~"APU*" && jtag_cable_name =~ "Digilent Zybo Z7 210351A81A9EA"} -index 0
loadhw -hw C:/Users/brown/Documents/sw/zybo/zybo_pwm_led_multicolor/zybo_pwm_led_multicolor.sdk/Zybo_periph_wrapper_hw_platform_0/system.hdf -mem-ranges [list {0x40000000 0xbfffffff}]
configparams force-mem-access 1
targets -set -nocase -filter {name =~"APU*" && jtag_cable_name =~ "Digilent Zybo Z7 210351A81A9EA"} -index 0
stop
ps7_init
ps7_post_config
targets -set -nocase -filter {name =~ "ARM*#0" && jtag_cable_name =~ "Digilent Zybo Z7 210351A81A9EA"} -index 0
rst -processor
targets -set -nocase -filter {name =~ "ARM*#0" && jtag_cable_name =~ "Digilent Zybo Z7 210351A81A9EA"} -index 0
dow C:/Users/brown/Documents/sw/zybo/zybo_pwm_led_multicolor/zybo_pwm_led_multicolor.sdk/try_1/Debug/try_1.elf
configparams force-mem-access 0
----------------End of Script----------------

17:15:34 INFO  : Context for processor 'ps7_cortexa9_0' is selected.
17:15:34 INFO  : 'con' command is executed.
17:15:34 INFO  : ----------------XSDB Script (After Launch)----------------
targets -set -nocase -filter {name =~ "ARM*#0" && jtag_cable_name =~ "Digilent Zybo Z7 210351A81A9EA"} -index 0
con
----------------End of Script----------------

17:15:34 INFO  : Disconnected from the channel tcfchan#5.
17:16:24 INFO  : Connected to target on host '127.0.0.1' and port '3121'.
17:16:24 INFO  : 'targets -set -filter {jtag_cable_name =~ "Digilent Zybo Z7 210351A81A9EA" && level==0} -index 1' command is executed.
17:16:26 INFO  : FPGA configured successfully with bitstream "C:/Users/brown/Documents/sw/zybo/zybo_pwm_led_multicolor/zybo_pwm_led_multicolor.sdk/Zybo_periph_wrapper_hw_platform_0/Zybo_periph_wrapper.bit"
17:16:52 INFO  : 'targets -set -filter {jtag_cable_name =~ "Digilent Zybo Z7 210351A81A9EA" && level==0} -index 1' command is executed.
17:16:52 INFO  : 'fpga -state' command is executed.
17:16:52 INFO  : Connected to target on host '127.0.0.1' and port '3121'.
17:16:52 INFO  : Jtag cable 'Digilent Zybo Z7 210351A81A9EA' is selected.
17:16:52 INFO  : 'jtag frequency' command is executed.
17:16:52 INFO  : Sourcing of 'C:/Users/brown/Documents/sw/zybo/zybo_pwm_led_multicolor/zybo_pwm_led_multicolor.sdk/Zybo_periph_wrapper_hw_platform_0/ps7_init.tcl' is done.
17:16:52 INFO  : Context for 'APU' is selected.
17:16:52 INFO  : Hardware design information is loaded from 'C:/Users/brown/Documents/sw/zybo/zybo_pwm_led_multicolor/zybo_pwm_led_multicolor.sdk/Zybo_periph_wrapper_hw_platform_0/system.hdf'.
17:16:52 INFO  : 'configparams force-mem-access 1' command is executed.
17:16:52 INFO  : Context for 'APU' is selected.
17:16:53 INFO  : 'stop' command is executed.
17:16:53 INFO  : 'ps7_init' command is executed.
17:16:53 INFO  : 'ps7_post_config' command is executed.
17:16:53 INFO  : Context for processor 'ps7_cortexa9_0' is selected.
17:16:53 INFO  : Processor reset is completed for 'ps7_cortexa9_0'.
17:16:53 INFO  : Context for processor 'ps7_cortexa9_0' is selected.
17:16:53 INFO  : The application 'C:/Users/brown/Documents/sw/zybo/zybo_pwm_led_multicolor/zybo_pwm_led_multicolor.sdk/try_1/Debug/try_1.elf' is downloaded to processor 'ps7_cortexa9_0'.
17:16:54 INFO  : 'configparams force-mem-access 0' command is executed.
17:16:54 INFO  : ----------------XSDB Script----------------
connect -url tcp:127.0.0.1:3121
source C:/Users/brown/Documents/sw/zybo/zybo_pwm_led_multicolor/zybo_pwm_led_multicolor.sdk/Zybo_periph_wrapper_hw_platform_0/ps7_init.tcl
targets -set -nocase -filter {name =~"APU*" && jtag_cable_name =~ "Digilent Zybo Z7 210351A81A9EA"} -index 0
loadhw -hw C:/Users/brown/Documents/sw/zybo/zybo_pwm_led_multicolor/zybo_pwm_led_multicolor.sdk/Zybo_periph_wrapper_hw_platform_0/system.hdf -mem-ranges [list {0x40000000 0xbfffffff}]
configparams force-mem-access 1
targets -set -nocase -filter {name =~"APU*" && jtag_cable_name =~ "Digilent Zybo Z7 210351A81A9EA"} -index 0
stop
ps7_init
ps7_post_config
targets -set -nocase -filter {name =~ "ARM*#0" && jtag_cable_name =~ "Digilent Zybo Z7 210351A81A9EA"} -index 0
rst -processor
targets -set -nocase -filter {name =~ "ARM*#0" && jtag_cable_name =~ "Digilent Zybo Z7 210351A81A9EA"} -index 0
dow C:/Users/brown/Documents/sw/zybo/zybo_pwm_led_multicolor/zybo_pwm_led_multicolor.sdk/try_1/Debug/try_1.elf
configparams force-mem-access 0
----------------End of Script----------------

17:16:54 INFO  : Context for processor 'ps7_cortexa9_0' is selected.
17:16:54 INFO  : 'con' command is executed.
17:16:54 INFO  : ----------------XSDB Script (After Launch)----------------
targets -set -nocase -filter {name =~ "ARM*#0" && jtag_cable_name =~ "Digilent Zybo Z7 210351A81A9EA"} -index 0
con
----------------End of Script----------------

17:16:54 INFO  : Disconnected from the channel tcfchan#6.
17:17:16 INFO  : 'targets -set -filter {jtag_cable_name =~ "Digilent Zybo Z7 210351A81A9EA" && level==0} -index 1' command is executed.
17:17:16 INFO  : 'fpga -state' command is executed.
17:17:16 INFO  : Connected to target on host '127.0.0.1' and port '3121'.
17:17:16 INFO  : Jtag cable 'Digilent Zybo Z7 210351A81A9EA' is selected.
17:17:16 INFO  : 'jtag frequency' command is executed.
17:17:16 INFO  : Sourcing of 'C:/Users/brown/Documents/sw/zybo/zybo_pwm_led_multicolor/zybo_pwm_led_multicolor.sdk/Zybo_periph_wrapper_hw_platform_0/ps7_init.tcl' is done.
17:17:16 INFO  : Context for 'APU' is selected.
17:17:19 INFO  : Hardware design information is loaded from 'C:/Users/brown/Documents/sw/zybo/zybo_pwm_led_multicolor/zybo_pwm_led_multicolor.sdk/Zybo_periph_wrapper_hw_platform_0/system.hdf'.
17:17:19 INFO  : 'configparams force-mem-access 1' command is executed.
17:17:19 INFO  : Context for 'APU' is selected.
17:17:19 INFO  : 'stop' command is executed.
17:17:20 INFO  : 'ps7_init' command is executed.
17:17:20 INFO  : 'ps7_post_config' command is executed.
17:17:20 INFO  : Context for processor 'ps7_cortexa9_0' is selected.
17:17:20 INFO  : Processor reset is completed for 'ps7_cortexa9_0'.
17:17:20 INFO  : Context for processor 'ps7_cortexa9_0' is selected.
17:17:20 INFO  : The application 'C:/Users/brown/Documents/sw/zybo/zybo_pwm_led_multicolor/zybo_pwm_led_multicolor.sdk/try_1/Debug/try_1.elf' is downloaded to processor 'ps7_cortexa9_0'.
17:17:20 INFO  : 'configparams force-mem-access 0' command is executed.
17:17:20 INFO  : ----------------XSDB Script----------------
connect -url tcp:127.0.0.1:3121
source C:/Users/brown/Documents/sw/zybo/zybo_pwm_led_multicolor/zybo_pwm_led_multicolor.sdk/Zybo_periph_wrapper_hw_platform_0/ps7_init.tcl
targets -set -nocase -filter {name =~"APU*" && jtag_cable_name =~ "Digilent Zybo Z7 210351A81A9EA"} -index 0
loadhw -hw C:/Users/brown/Documents/sw/zybo/zybo_pwm_led_multicolor/zybo_pwm_led_multicolor.sdk/Zybo_periph_wrapper_hw_platform_0/system.hdf -mem-ranges [list {0x40000000 0xbfffffff}]
configparams force-mem-access 1
targets -set -nocase -filter {name =~"APU*" && jtag_cable_name =~ "Digilent Zybo Z7 210351A81A9EA"} -index 0
stop
ps7_init
ps7_post_config
targets -set -nocase -filter {name =~ "ARM*#0" && jtag_cable_name =~ "Digilent Zybo Z7 210351A81A9EA"} -index 0
rst -processor
targets -set -nocase -filter {name =~ "ARM*#0" && jtag_cable_name =~ "Digilent Zybo Z7 210351A81A9EA"} -index 0
dow C:/Users/brown/Documents/sw/zybo/zybo_pwm_led_multicolor/zybo_pwm_led_multicolor.sdk/try_1/Debug/try_1.elf
configparams force-mem-access 0
----------------End of Script----------------

17:17:20 INFO  : Context for processor 'ps7_cortexa9_0' is selected.
17:17:20 INFO  : 'con' command is executed.
17:17:20 INFO  : ----------------XSDB Script (After Launch)----------------
targets -set -nocase -filter {name =~ "ARM*#0" && jtag_cable_name =~ "Digilent Zybo Z7 210351A81A9EA"} -index 0
con
----------------End of Script----------------

17:17:20 INFO  : Disconnected from the channel tcfchan#7.
17:23:35 INFO  : 'targets -set -filter {jtag_cable_name =~ "Digilent Zybo Z7 210351A81A9EA" && level==0} -index 1' command is executed.
17:23:35 INFO  : 'fpga -state' command is executed.
17:23:35 INFO  : Connected to target on host '127.0.0.1' and port '3121'.
17:23:36 INFO  : Jtag cable 'Digilent Zybo Z7 210351A81A9EA' is selected.
17:23:36 INFO  : 'jtag frequency' command is executed.
17:23:36 INFO  : Sourcing of 'C:/Users/brown/Documents/sw/zybo/zybo_pwm_led_multicolor/zybo_pwm_led_multicolor.sdk/Zybo_periph_wrapper_hw_platform_0/ps7_init.tcl' is done.
17:23:36 INFO  : Context for 'APU' is selected.
17:23:39 INFO  : Hardware design information is loaded from 'C:/Users/brown/Documents/sw/zybo/zybo_pwm_led_multicolor/zybo_pwm_led_multicolor.sdk/Zybo_periph_wrapper_hw_platform_0/system.hdf'.
17:23:39 INFO  : 'configparams force-mem-access 1' command is executed.
17:23:39 INFO  : Context for 'APU' is selected.
17:23:39 INFO  : 'stop' command is executed.
17:23:40 INFO  : 'ps7_init' command is executed.
17:23:40 INFO  : 'ps7_post_config' command is executed.
17:23:40 INFO  : Context for processor 'ps7_cortexa9_0' is selected.
17:23:40 INFO  : Processor reset is completed for 'ps7_cortexa9_0'.
17:23:40 INFO  : Context for processor 'ps7_cortexa9_0' is selected.
17:23:40 INFO  : The application 'C:/Users/brown/Documents/sw/zybo/zybo_pwm_led_multicolor/zybo_pwm_led_multicolor.sdk/try_1/Debug/try_1.elf' is downloaded to processor 'ps7_cortexa9_0'.
17:23:40 INFO  : 'configparams force-mem-access 0' command is executed.
17:23:40 INFO  : ----------------XSDB Script----------------
connect -url tcp:127.0.0.1:3121
source C:/Users/brown/Documents/sw/zybo/zybo_pwm_led_multicolor/zybo_pwm_led_multicolor.sdk/Zybo_periph_wrapper_hw_platform_0/ps7_init.tcl
targets -set -nocase -filter {name =~"APU*" && jtag_cable_name =~ "Digilent Zybo Z7 210351A81A9EA"} -index 0
loadhw -hw C:/Users/brown/Documents/sw/zybo/zybo_pwm_led_multicolor/zybo_pwm_led_multicolor.sdk/Zybo_periph_wrapper_hw_platform_0/system.hdf -mem-ranges [list {0x40000000 0xbfffffff}]
configparams force-mem-access 1
targets -set -nocase -filter {name =~"APU*" && jtag_cable_name =~ "Digilent Zybo Z7 210351A81A9EA"} -index 0
stop
ps7_init
ps7_post_config
targets -set -nocase -filter {name =~ "ARM*#0" && jtag_cable_name =~ "Digilent Zybo Z7 210351A81A9EA"} -index 0
rst -processor
targets -set -nocase -filter {name =~ "ARM*#0" && jtag_cable_name =~ "Digilent Zybo Z7 210351A81A9EA"} -index 0
dow C:/Users/brown/Documents/sw/zybo/zybo_pwm_led_multicolor/zybo_pwm_led_multicolor.sdk/try_1/Debug/try_1.elf
configparams force-mem-access 0
----------------End of Script----------------

17:23:40 INFO  : Context for processor 'ps7_cortexa9_0' is selected.
17:23:40 INFO  : 'con' command is executed.
17:23:40 INFO  : ----------------XSDB Script (After Launch)----------------
targets -set -nocase -filter {name =~ "ARM*#0" && jtag_cable_name =~ "Digilent Zybo Z7 210351A81A9EA"} -index 0
con
----------------End of Script----------------

17:23:40 INFO  : Disconnected from the channel tcfchan#8.
17:32:37 INFO  : 'targets -set -filter {jtag_cable_name =~ "Digilent Zybo Z7 210351A81A9EA" && level==0} -index 1' command is executed.
17:32:37 INFO  : 'fpga -state' command is executed.
17:32:37 INFO  : Connected to target on host '127.0.0.1' and port '3121'.
17:32:38 INFO  : Jtag cable 'Digilent Zybo Z7 210351A81A9EA' is selected.
17:32:38 INFO  : 'jtag frequency' command is executed.
17:32:38 INFO  : Sourcing of 'C:/Users/brown/Documents/sw/zybo/zybo_pwm_led_multicolor/zybo_pwm_led_multicolor.sdk/Zybo_periph_wrapper_hw_platform_0/ps7_init.tcl' is done.
17:32:38 INFO  : Context for 'APU' is selected.
17:32:43 INFO  : Hardware design information is loaded from 'C:/Users/brown/Documents/sw/zybo/zybo_pwm_led_multicolor/zybo_pwm_led_multicolor.sdk/Zybo_periph_wrapper_hw_platform_0/system.hdf'.
17:32:43 INFO  : 'configparams force-mem-access 1' command is executed.
17:32:43 INFO  : Context for 'APU' is selected.
17:32:43 INFO  : 'stop' command is executed.
17:32:44 INFO  : 'ps7_init' command is executed.
17:32:44 INFO  : 'ps7_post_config' command is executed.
17:32:44 INFO  : Context for processor 'ps7_cortexa9_0' is selected.
17:32:44 INFO  : Processor reset is completed for 'ps7_cortexa9_0'.
17:32:44 INFO  : Context for processor 'ps7_cortexa9_0' is selected.
17:32:44 INFO  : The application 'C:/Users/brown/Documents/sw/zybo/zybo_pwm_led_multicolor/zybo_pwm_led_multicolor.sdk/try_1/Debug/try_1.elf' is downloaded to processor 'ps7_cortexa9_0'.
17:32:44 INFO  : 'configparams force-mem-access 0' command is executed.
17:32:44 INFO  : ----------------XSDB Script----------------
connect -url tcp:127.0.0.1:3121
source C:/Users/brown/Documents/sw/zybo/zybo_pwm_led_multicolor/zybo_pwm_led_multicolor.sdk/Zybo_periph_wrapper_hw_platform_0/ps7_init.tcl
targets -set -nocase -filter {name =~"APU*" && jtag_cable_name =~ "Digilent Zybo Z7 210351A81A9EA"} -index 0
loadhw -hw C:/Users/brown/Documents/sw/zybo/zybo_pwm_led_multicolor/zybo_pwm_led_multicolor.sdk/Zybo_periph_wrapper_hw_platform_0/system.hdf -mem-ranges [list {0x40000000 0xbfffffff}]
configparams force-mem-access 1
targets -set -nocase -filter {name =~"APU*" && jtag_cable_name =~ "Digilent Zybo Z7 210351A81A9EA"} -index 0
stop
ps7_init
ps7_post_config
targets -set -nocase -filter {name =~ "ARM*#0" && jtag_cable_name =~ "Digilent Zybo Z7 210351A81A9EA"} -index 0
rst -processor
targets -set -nocase -filter {name =~ "ARM*#0" && jtag_cable_name =~ "Digilent Zybo Z7 210351A81A9EA"} -index 0
dow C:/Users/brown/Documents/sw/zybo/zybo_pwm_led_multicolor/zybo_pwm_led_multicolor.sdk/try_1/Debug/try_1.elf
configparams force-mem-access 0
----------------End of Script----------------

17:32:45 INFO  : Context for processor 'ps7_cortexa9_0' is selected.
17:32:45 INFO  : 'con' command is executed.
17:32:45 INFO  : ----------------XSDB Script (After Launch)----------------
targets -set -nocase -filter {name =~ "ARM*#0" && jtag_cable_name =~ "Digilent Zybo Z7 210351A81A9EA"} -index 0
con
----------------End of Script----------------

17:32:45 INFO  : Disconnected from the channel tcfchan#9.
17:41:47 INFO  : SDK has detected change in the last modified timestamps for source hardware specification file Source:1575160862542,  Project:1575158282517
17:41:47 INFO  : Project Zybo_periph_wrapper_hw_platform_0's source hardware specification located at C:/Users/brown/Documents/sw/zybo/zybo_pwm_led_multicolor/zybo_pwm_led_multicolor.sdk/Zybo_periph_wrapper.hdf is now different from the local copy.
		 The local copy will be replaced with the source specification and your workspace will be updated.
17:41:54 INFO  : Copied contents of C:/Users/brown/Documents/sw/zybo/zybo_pwm_led_multicolor/zybo_pwm_led_multicolor.sdk/Zybo_periph_wrapper.hdf into \Zybo_periph_wrapper_hw_platform_0\system.hdf.
17:42:02 INFO  : Synchronizing projects in the workspace with the hardware platform specification changes.
17:42:07 INFO  : 
17:42:08 INFO  : Updating hardware inferred compiler options for try_1.
17:42:08 INFO  : Clearing existing target manager status.
17:42:08 INFO  : Closing and re-opening the MSS file of ther project try_1_bsp
17:42:10 INFO  : Closing and re-opening the MSS file of ther project try_1_bsp
17:42:10 INFO  : Closing and re-opening the MSS file of ther project try_1_bsp
17:42:11 INFO  : Workspace synchronized with the new hardware specification file. Cleaning dependent projects...
17:42:15 WARN  : Linker script will not be updated automatically. Users need to update it manually.
17:44:09 INFO  : Connected to target on host '127.0.0.1' and port '3121'.
17:44:09 INFO  : 'targets -set -filter {jtag_cable_name =~ "Digilent Zybo Z7 210351A81A9EA" && level==0} -index 1' command is executed.
17:44:10 INFO  : FPGA configured successfully with bitstream "C:/Users/brown/Documents/sw/zybo/zybo_pwm_led_multicolor/zybo_pwm_led_multicolor.sdk/Zybo_periph_wrapper_hw_platform_0/Zybo_periph_wrapper.bit"
17:46:26 INFO  : 'targets -set -filter {jtag_cable_name =~ "Digilent Zybo Z7 210351A81A9EA" && level==0} -index 1' command is executed.
17:46:26 INFO  : 'fpga -state' command is executed.
17:46:26 INFO  : Connected to target on host '127.0.0.1' and port '3121'.
17:46:27 INFO  : Jtag cable 'Digilent Zybo Z7 210351A81A9EA' is selected.
17:46:27 INFO  : 'jtag frequency' command is executed.
17:46:27 INFO  : Sourcing of 'C:/Users/brown/Documents/sw/zybo/zybo_pwm_led_multicolor/zybo_pwm_led_multicolor.sdk/Zybo_periph_wrapper_hw_platform_0/ps7_init.tcl' is done.
17:46:27 INFO  : Context for 'APU' is selected.
17:46:27 INFO  : Hardware design information is loaded from 'C:/Users/brown/Documents/sw/zybo/zybo_pwm_led_multicolor/zybo_pwm_led_multicolor.sdk/Zybo_periph_wrapper_hw_platform_0/system.hdf'.
17:46:27 INFO  : 'configparams force-mem-access 1' command is executed.
17:46:27 INFO  : Context for 'APU' is selected.
17:46:27 INFO  : 'stop' command is executed.
17:46:28 INFO  : 'ps7_init' command is executed.
17:46:28 INFO  : 'ps7_post_config' command is executed.
17:46:28 INFO  : Context for processor 'ps7_cortexa9_0' is selected.
17:46:28 INFO  : Processor reset is completed for 'ps7_cortexa9_0'.
17:46:28 INFO  : Context for processor 'ps7_cortexa9_0' is selected.
17:46:29 INFO  : The application 'C:/Users/brown/Documents/sw/zybo/zybo_pwm_led_multicolor/zybo_pwm_led_multicolor.sdk/try_1/Debug/try_1.elf' is downloaded to processor 'ps7_cortexa9_0'.
17:46:29 INFO  : 'configparams force-mem-access 0' command is executed.
17:46:29 INFO  : ----------------XSDB Script----------------
connect -url tcp:127.0.0.1:3121
source C:/Users/brown/Documents/sw/zybo/zybo_pwm_led_multicolor/zybo_pwm_led_multicolor.sdk/Zybo_periph_wrapper_hw_platform_0/ps7_init.tcl
targets -set -nocase -filter {name =~"APU*" && jtag_cable_name =~ "Digilent Zybo Z7 210351A81A9EA"} -index 0
loadhw -hw C:/Users/brown/Documents/sw/zybo/zybo_pwm_led_multicolor/zybo_pwm_led_multicolor.sdk/Zybo_periph_wrapper_hw_platform_0/system.hdf -mem-ranges [list {0x40000000 0xbfffffff}]
configparams force-mem-access 1
targets -set -nocase -filter {name =~"APU*" && jtag_cable_name =~ "Digilent Zybo Z7 210351A81A9EA"} -index 0
stop
ps7_init
ps7_post_config
targets -set -nocase -filter {name =~ "ARM*#0" && jtag_cable_name =~ "Digilent Zybo Z7 210351A81A9EA"} -index 0
rst -processor
targets -set -nocase -filter {name =~ "ARM*#0" && jtag_cable_name =~ "Digilent Zybo Z7 210351A81A9EA"} -index 0
dow C:/Users/brown/Documents/sw/zybo/zybo_pwm_led_multicolor/zybo_pwm_led_multicolor.sdk/try_1/Debug/try_1.elf
configparams force-mem-access 0
----------------End of Script----------------

17:46:29 INFO  : Context for processor 'ps7_cortexa9_0' is selected.
17:46:29 INFO  : 'con' command is executed.
17:46:29 INFO  : ----------------XSDB Script (After Launch)----------------
targets -set -nocase -filter {name =~ "ARM*#0" && jtag_cable_name =~ "Digilent Zybo Z7 210351A81A9EA"} -index 0
con
----------------End of Script----------------

17:46:29 INFO  : Disconnected from the channel tcfchan#10.
17:59:09 INFO  : SDK has detected change in the last modified timestamps for source hardware specification file Source:1575161641354,  Project:1575160862542
17:59:09 INFO  : Project Zybo_periph_wrapper_hw_platform_0's source hardware specification located at C:/Users/brown/Documents/sw/zybo/zybo_pwm_led_multicolor/zybo_pwm_led_multicolor.sdk/Zybo_periph_wrapper.hdf is now different from the local copy.
		 The local copy will be replaced with the source specification and your workspace will be updated.
17:59:53 INFO  : Copied contents of C:/Users/brown/Documents/sw/zybo/zybo_pwm_led_multicolor/zybo_pwm_led_multicolor.sdk/Zybo_periph_wrapper.hdf into \Zybo_periph_wrapper_hw_platform_0\system.hdf.
17:59:58 INFO  : Synchronizing projects in the workspace with the hardware platform specification changes.
18:00:02 INFO  : 
18:00:03 INFO  : Updating hardware inferred compiler options for try_1.
18:00:03 INFO  : Clearing existing target manager status.
18:00:03 INFO  : Closing and re-opening the MSS file of ther project try_1_bsp
18:00:04 INFO  : Closing and re-opening the MSS file of ther project try_1_bsp
18:00:05 INFO  : Workspace synchronized with the new hardware specification file. Cleaning dependent projects...
18:00:08 WARN  : Linker script will not be updated automatically. Users need to update it manually.
18:00:48 INFO  : Connected to target on host '127.0.0.1' and port '3121'.
18:00:48 INFO  : 'targets -set -filter {jtag_cable_name =~ "Digilent Zybo Z7 210351A81A9EA" && level==0} -index 1' command is executed.
18:00:49 INFO  : FPGA configured successfully with bitstream "C:/Users/brown/Documents/sw/zybo/zybo_pwm_led_multicolor/zybo_pwm_led_multicolor.sdk/Zybo_periph_wrapper_hw_platform_0/Zybo_periph_wrapper.bit"
18:01:01 INFO  : 'targets -set -filter {jtag_cable_name =~ "Digilent Zybo Z7 210351A81A9EA" && level==0} -index 1' command is executed.
18:01:02 INFO  : 'fpga -state' command is executed.
18:01:02 INFO  : Connected to target on host '127.0.0.1' and port '3121'.
18:01:02 INFO  : Jtag cable 'Digilent Zybo Z7 210351A81A9EA' is selected.
18:01:02 INFO  : 'jtag frequency' command is executed.
18:01:02 INFO  : Sourcing of 'C:/Users/brown/Documents/sw/zybo/zybo_pwm_led_multicolor/zybo_pwm_led_multicolor.sdk/Zybo_periph_wrapper_hw_platform_0/ps7_init.tcl' is done.
18:01:02 INFO  : Context for 'APU' is selected.
18:01:02 INFO  : Hardware design information is loaded from 'C:/Users/brown/Documents/sw/zybo/zybo_pwm_led_multicolor/zybo_pwm_led_multicolor.sdk/Zybo_periph_wrapper_hw_platform_0/system.hdf'.
18:01:02 INFO  : 'configparams force-mem-access 1' command is executed.
18:01:02 INFO  : Context for 'APU' is selected.
18:01:02 INFO  : 'stop' command is executed.
18:01:03 INFO  : 'ps7_init' command is executed.
18:01:03 INFO  : 'ps7_post_config' command is executed.
18:01:03 INFO  : Context for processor 'ps7_cortexa9_0' is selected.
18:01:03 INFO  : Processor reset is completed for 'ps7_cortexa9_0'.
18:01:03 INFO  : Context for processor 'ps7_cortexa9_0' is selected.
18:01:03 INFO  : The application 'C:/Users/brown/Documents/sw/zybo/zybo_pwm_led_multicolor/zybo_pwm_led_multicolor.sdk/try_1/Debug/try_1.elf' is downloaded to processor 'ps7_cortexa9_0'.
18:01:03 INFO  : 'configparams force-mem-access 0' command is executed.
18:01:03 INFO  : ----------------XSDB Script----------------
connect -url tcp:127.0.0.1:3121
source C:/Users/brown/Documents/sw/zybo/zybo_pwm_led_multicolor/zybo_pwm_led_multicolor.sdk/Zybo_periph_wrapper_hw_platform_0/ps7_init.tcl
targets -set -nocase -filter {name =~"APU*" && jtag_cable_name =~ "Digilent Zybo Z7 210351A81A9EA"} -index 0
loadhw -hw C:/Users/brown/Documents/sw/zybo/zybo_pwm_led_multicolor/zybo_pwm_led_multicolor.sdk/Zybo_periph_wrapper_hw_platform_0/system.hdf -mem-ranges [list {0x40000000 0xbfffffff}]
configparams force-mem-access 1
targets -set -nocase -filter {name =~"APU*" && jtag_cable_name =~ "Digilent Zybo Z7 210351A81A9EA"} -index 0
stop
ps7_init
ps7_post_config
targets -set -nocase -filter {name =~ "ARM*#0" && jtag_cable_name =~ "Digilent Zybo Z7 210351A81A9EA"} -index 0
rst -processor
targets -set -nocase -filter {name =~ "ARM*#0" && jtag_cable_name =~ "Digilent Zybo Z7 210351A81A9EA"} -index 0
dow C:/Users/brown/Documents/sw/zybo/zybo_pwm_led_multicolor/zybo_pwm_led_multicolor.sdk/try_1/Debug/try_1.elf
configparams force-mem-access 0
----------------End of Script----------------

18:01:03 INFO  : Context for processor 'ps7_cortexa9_0' is selected.
18:01:03 INFO  : 'con' command is executed.
18:01:03 INFO  : ----------------XSDB Script (After Launch)----------------
targets -set -nocase -filter {name =~ "ARM*#0" && jtag_cable_name =~ "Digilent Zybo Z7 210351A81A9EA"} -index 0
con
----------------End of Script----------------

18:01:03 INFO  : Disconnected from the channel tcfchan#11.
18:01:57 INFO  : 'targets -set -filter {jtag_cable_name =~ "Digilent Zybo Z7 210351A81A9EA" && level==0} -index 1' command is executed.
18:01:57 INFO  : 'fpga -state' command is executed.
18:01:57 INFO  : Connected to target on host '127.0.0.1' and port '3121'.
18:01:57 INFO  : Jtag cable 'Digilent Zybo Z7 210351A81A9EA' is selected.
18:01:57 INFO  : 'jtag frequency' command is executed.
18:01:57 INFO  : Sourcing of 'C:/Users/brown/Documents/sw/zybo/zybo_pwm_led_multicolor/zybo_pwm_led_multicolor.sdk/Zybo_periph_wrapper_hw_platform_0/ps7_init.tcl' is done.
18:01:57 INFO  : Context for 'APU' is selected.
18:01:58 INFO  : Hardware design information is loaded from 'C:/Users/brown/Documents/sw/zybo/zybo_pwm_led_multicolor/zybo_pwm_led_multicolor.sdk/Zybo_periph_wrapper_hw_platform_0/system.hdf'.
18:01:58 INFO  : 'configparams force-mem-access 1' command is executed.
18:01:58 INFO  : Context for 'APU' is selected.
18:01:58 INFO  : 'stop' command is executed.
18:01:58 INFO  : 'ps7_init' command is executed.
18:01:58 INFO  : 'ps7_post_config' command is executed.
18:01:58 INFO  : Context for processor 'ps7_cortexa9_0' is selected.
18:01:58 INFO  : Processor reset is completed for 'ps7_cortexa9_0'.
18:01:58 INFO  : Context for processor 'ps7_cortexa9_0' is selected.
18:01:59 INFO  : The application 'C:/Users/brown/Documents/sw/zybo/zybo_pwm_led_multicolor/zybo_pwm_led_multicolor.sdk/try_1/Debug/try_1.elf' is downloaded to processor 'ps7_cortexa9_0'.
18:01:59 INFO  : 'configparams force-mem-access 0' command is executed.
18:01:59 INFO  : ----------------XSDB Script----------------
connect -url tcp:127.0.0.1:3121
source C:/Users/brown/Documents/sw/zybo/zybo_pwm_led_multicolor/zybo_pwm_led_multicolor.sdk/Zybo_periph_wrapper_hw_platform_0/ps7_init.tcl
targets -set -nocase -filter {name =~"APU*" && jtag_cable_name =~ "Digilent Zybo Z7 210351A81A9EA"} -index 0
loadhw -hw C:/Users/brown/Documents/sw/zybo/zybo_pwm_led_multicolor/zybo_pwm_led_multicolor.sdk/Zybo_periph_wrapper_hw_platform_0/system.hdf -mem-ranges [list {0x40000000 0xbfffffff}]
configparams force-mem-access 1
targets -set -nocase -filter {name =~"APU*" && jtag_cable_name =~ "Digilent Zybo Z7 210351A81A9EA"} -index 0
stop
ps7_init
ps7_post_config
targets -set -nocase -filter {name =~ "ARM*#0" && jtag_cable_name =~ "Digilent Zybo Z7 210351A81A9EA"} -index 0
rst -processor
targets -set -nocase -filter {name =~ "ARM*#0" && jtag_cable_name =~ "Digilent Zybo Z7 210351A81A9EA"} -index 0
dow C:/Users/brown/Documents/sw/zybo/zybo_pwm_led_multicolor/zybo_pwm_led_multicolor.sdk/try_1/Debug/try_1.elf
configparams force-mem-access 0
----------------End of Script----------------

18:01:59 INFO  : Context for processor 'ps7_cortexa9_0' is selected.
18:01:59 INFO  : 'con' command is executed.
18:01:59 INFO  : ----------------XSDB Script (After Launch)----------------
targets -set -nocase -filter {name =~ "ARM*#0" && jtag_cable_name =~ "Digilent Zybo Z7 210351A81A9EA"} -index 0
con
----------------End of Script----------------

18:01:59 INFO  : Disconnected from the channel tcfchan#12.
18:04:25 INFO  : 'targets -set -filter {jtag_cable_name =~ "Digilent Zybo Z7 210351A81A9EA" && level==0} -index 1' command is executed.
18:04:25 INFO  : 'fpga -state' command is executed.
18:04:25 INFO  : Connected to target on host '127.0.0.1' and port '3121'.
18:04:26 INFO  : Jtag cable 'Digilent Zybo Z7 210351A81A9EA' is selected.
18:04:26 INFO  : 'jtag frequency' command is executed.
18:04:26 INFO  : Sourcing of 'C:/Users/brown/Documents/sw/zybo/zybo_pwm_led_multicolor/zybo_pwm_led_multicolor.sdk/Zybo_periph_wrapper_hw_platform_0/ps7_init.tcl' is done.
18:04:26 INFO  : Context for 'APU' is selected.
18:04:26 INFO  : Hardware design information is loaded from 'C:/Users/brown/Documents/sw/zybo/zybo_pwm_led_multicolor/zybo_pwm_led_multicolor.sdk/Zybo_periph_wrapper_hw_platform_0/system.hdf'.
18:04:26 INFO  : 'configparams force-mem-access 1' command is executed.
18:04:26 INFO  : Context for 'APU' is selected.
18:04:26 INFO  : 'stop' command is executed.
18:04:26 INFO  : 'ps7_init' command is executed.
18:04:26 INFO  : 'ps7_post_config' command is executed.
18:04:26 INFO  : Context for processor 'ps7_cortexa9_0' is selected.
18:04:27 INFO  : Processor reset is completed for 'ps7_cortexa9_0'.
18:04:27 INFO  : Context for processor 'ps7_cortexa9_0' is selected.
18:04:27 INFO  : The application 'C:/Users/brown/Documents/sw/zybo/zybo_pwm_led_multicolor/zybo_pwm_led_multicolor.sdk/try_1/Debug/try_1.elf' is downloaded to processor 'ps7_cortexa9_0'.
18:04:27 INFO  : 'configparams force-mem-access 0' command is executed.
18:04:27 INFO  : ----------------XSDB Script----------------
connect -url tcp:127.0.0.1:3121
source C:/Users/brown/Documents/sw/zybo/zybo_pwm_led_multicolor/zybo_pwm_led_multicolor.sdk/Zybo_periph_wrapper_hw_platform_0/ps7_init.tcl
targets -set -nocase -filter {name =~"APU*" && jtag_cable_name =~ "Digilent Zybo Z7 210351A81A9EA"} -index 0
loadhw -hw C:/Users/brown/Documents/sw/zybo/zybo_pwm_led_multicolor/zybo_pwm_led_multicolor.sdk/Zybo_periph_wrapper_hw_platform_0/system.hdf -mem-ranges [list {0x40000000 0xbfffffff}]
configparams force-mem-access 1
targets -set -nocase -filter {name =~"APU*" && jtag_cable_name =~ "Digilent Zybo Z7 210351A81A9EA"} -index 0
stop
ps7_init
ps7_post_config
targets -set -nocase -filter {name =~ "ARM*#0" && jtag_cable_name =~ "Digilent Zybo Z7 210351A81A9EA"} -index 0
rst -processor
targets -set -nocase -filter {name =~ "ARM*#0" && jtag_cable_name =~ "Digilent Zybo Z7 210351A81A9EA"} -index 0
dow C:/Users/brown/Documents/sw/zybo/zybo_pwm_led_multicolor/zybo_pwm_led_multicolor.sdk/try_1/Debug/try_1.elf
configparams force-mem-access 0
----------------End of Script----------------

18:04:27 INFO  : Context for processor 'ps7_cortexa9_0' is selected.
18:04:27 INFO  : 'con' command is executed.
18:04:27 INFO  : ----------------XSDB Script (After Launch)----------------
targets -set -nocase -filter {name =~ "ARM*#0" && jtag_cable_name =~ "Digilent Zybo Z7 210351A81A9EA"} -index 0
con
----------------End of Script----------------

18:04:27 INFO  : Disconnected from the channel tcfchan#13.
18:04:41 INFO  : 'targets -set -filter {jtag_cable_name =~ "Digilent Zybo Z7 210351A81A9EA" && level==0} -index 1' command is executed.
18:04:41 INFO  : 'fpga -state' command is executed.
18:04:41 INFO  : Connected to target on host '127.0.0.1' and port '3121'.
18:04:42 INFO  : Jtag cable 'Digilent Zybo Z7 210351A81A9EA' is selected.
18:04:42 INFO  : 'jtag frequency' command is executed.
18:04:42 INFO  : Sourcing of 'C:/Users/brown/Documents/sw/zybo/zybo_pwm_led_multicolor/zybo_pwm_led_multicolor.sdk/Zybo_periph_wrapper_hw_platform_0/ps7_init.tcl' is done.
18:04:42 INFO  : Context for 'APU' is selected.
18:04:42 INFO  : Hardware design information is loaded from 'C:/Users/brown/Documents/sw/zybo/zybo_pwm_led_multicolor/zybo_pwm_led_multicolor.sdk/Zybo_periph_wrapper_hw_platform_0/system.hdf'.
18:04:42 INFO  : 'configparams force-mem-access 1' command is executed.
18:04:42 INFO  : Context for 'APU' is selected.
18:04:42 INFO  : 'stop' command is executed.
18:04:42 INFO  : 'ps7_init' command is executed.
18:04:43 INFO  : 'ps7_post_config' command is executed.
18:04:43 INFO  : Context for processor 'ps7_cortexa9_0' is selected.
18:04:43 INFO  : Processor reset is completed for 'ps7_cortexa9_0'.
18:04:43 INFO  : Context for processor 'ps7_cortexa9_0' is selected.
18:04:43 INFO  : The application 'C:/Users/brown/Documents/sw/zybo/zybo_pwm_led_multicolor/zybo_pwm_led_multicolor.sdk/try_1/Debug/try_1.elf' is downloaded to processor 'ps7_cortexa9_0'.
18:04:43 INFO  : 'configparams force-mem-access 0' command is executed.
18:04:43 INFO  : ----------------XSDB Script----------------
connect -url tcp:127.0.0.1:3121
source C:/Users/brown/Documents/sw/zybo/zybo_pwm_led_multicolor/zybo_pwm_led_multicolor.sdk/Zybo_periph_wrapper_hw_platform_0/ps7_init.tcl
targets -set -nocase -filter {name =~"APU*" && jtag_cable_name =~ "Digilent Zybo Z7 210351A81A9EA"} -index 0
loadhw -hw C:/Users/brown/Documents/sw/zybo/zybo_pwm_led_multicolor/zybo_pwm_led_multicolor.sdk/Zybo_periph_wrapper_hw_platform_0/system.hdf -mem-ranges [list {0x40000000 0xbfffffff}]
configparams force-mem-access 1
targets -set -nocase -filter {name =~"APU*" && jtag_cable_name =~ "Digilent Zybo Z7 210351A81A9EA"} -index 0
stop
ps7_init
ps7_post_config
targets -set -nocase -filter {name =~ "ARM*#0" && jtag_cable_name =~ "Digilent Zybo Z7 210351A81A9EA"} -index 0
rst -processor
targets -set -nocase -filter {name =~ "ARM*#0" && jtag_cable_name =~ "Digilent Zybo Z7 210351A81A9EA"} -index 0
dow C:/Users/brown/Documents/sw/zybo/zybo_pwm_led_multicolor/zybo_pwm_led_multicolor.sdk/try_1/Debug/try_1.elf
configparams force-mem-access 0
----------------End of Script----------------

18:04:43 INFO  : Context for processor 'ps7_cortexa9_0' is selected.
18:04:43 INFO  : 'con' command is executed.
18:04:43 INFO  : ----------------XSDB Script (After Launch)----------------
targets -set -nocase -filter {name =~ "ARM*#0" && jtag_cable_name =~ "Digilent Zybo Z7 210351A81A9EA"} -index 0
con
----------------End of Script----------------

18:04:43 INFO  : Disconnected from the channel tcfchan#14.
18:05:55 INFO  : 'targets -set -filter {jtag_cable_name =~ "Digilent Zybo Z7 210351A81A9EA" && level==0} -index 1' command is executed.
18:05:55 INFO  : 'fpga -state' command is executed.
18:05:55 INFO  : Connected to target on host '127.0.0.1' and port '3121'.
18:05:56 INFO  : Jtag cable 'Digilent Zybo Z7 210351A81A9EA' is selected.
18:05:56 INFO  : 'jtag frequency' command is executed.
18:05:56 INFO  : Sourcing of 'C:/Users/brown/Documents/sw/zybo/zybo_pwm_led_multicolor/zybo_pwm_led_multicolor.sdk/Zybo_periph_wrapper_hw_platform_0/ps7_init.tcl' is done.
18:05:56 INFO  : Context for 'APU' is selected.
18:05:56 INFO  : Hardware design information is loaded from 'C:/Users/brown/Documents/sw/zybo/zybo_pwm_led_multicolor/zybo_pwm_led_multicolor.sdk/Zybo_periph_wrapper_hw_platform_0/system.hdf'.
18:05:56 INFO  : 'configparams force-mem-access 1' command is executed.
18:05:56 INFO  : Context for 'APU' is selected.
18:05:56 INFO  : 'stop' command is executed.
18:05:57 INFO  : 'ps7_init' command is executed.
18:05:57 INFO  : 'ps7_post_config' command is executed.
18:05:57 INFO  : Context for processor 'ps7_cortexa9_0' is selected.
18:05:57 INFO  : Processor reset is completed for 'ps7_cortexa9_0'.
18:05:57 INFO  : Context for processor 'ps7_cortexa9_0' is selected.
18:05:57 INFO  : The application 'C:/Users/brown/Documents/sw/zybo/zybo_pwm_led_multicolor/zybo_pwm_led_multicolor.sdk/try_1/Debug/try_1.elf' is downloaded to processor 'ps7_cortexa9_0'.
18:05:57 INFO  : 'configparams force-mem-access 0' command is executed.
18:05:57 INFO  : ----------------XSDB Script----------------
connect -url tcp:127.0.0.1:3121
source C:/Users/brown/Documents/sw/zybo/zybo_pwm_led_multicolor/zybo_pwm_led_multicolor.sdk/Zybo_periph_wrapper_hw_platform_0/ps7_init.tcl
targets -set -nocase -filter {name =~"APU*" && jtag_cable_name =~ "Digilent Zybo Z7 210351A81A9EA"} -index 0
loadhw -hw C:/Users/brown/Documents/sw/zybo/zybo_pwm_led_multicolor/zybo_pwm_led_multicolor.sdk/Zybo_periph_wrapper_hw_platform_0/system.hdf -mem-ranges [list {0x40000000 0xbfffffff}]
configparams force-mem-access 1
targets -set -nocase -filter {name =~"APU*" && jtag_cable_name =~ "Digilent Zybo Z7 210351A81A9EA"} -index 0
stop
ps7_init
ps7_post_config
targets -set -nocase -filter {name =~ "ARM*#0" && jtag_cable_name =~ "Digilent Zybo Z7 210351A81A9EA"} -index 0
rst -processor
targets -set -nocase -filter {name =~ "ARM*#0" && jtag_cable_name =~ "Digilent Zybo Z7 210351A81A9EA"} -index 0
dow C:/Users/brown/Documents/sw/zybo/zybo_pwm_led_multicolor/zybo_pwm_led_multicolor.sdk/try_1/Debug/try_1.elf
configparams force-mem-access 0
----------------End of Script----------------

18:05:57 INFO  : Context for processor 'ps7_cortexa9_0' is selected.
18:05:57 INFO  : 'con' command is executed.
18:05:57 INFO  : ----------------XSDB Script (After Launch)----------------
targets -set -nocase -filter {name =~ "ARM*#0" && jtag_cable_name =~ "Digilent Zybo Z7 210351A81A9EA"} -index 0
con
----------------End of Script----------------

18:05:57 INFO  : Disconnected from the channel tcfchan#15.
18:07:23 INFO  : 'targets -set -filter {jtag_cable_name =~ "Digilent Zybo Z7 210351A81A9EA" && level==0} -index 1' command is executed.
18:07:23 INFO  : 'fpga -state' command is executed.
18:07:23 INFO  : Connected to target on host '127.0.0.1' and port '3121'.
18:07:23 INFO  : Jtag cable 'Digilent Zybo Z7 210351A81A9EA' is selected.
18:07:23 INFO  : 'jtag frequency' command is executed.
18:07:23 INFO  : Sourcing of 'C:/Users/brown/Documents/sw/zybo/zybo_pwm_led_multicolor/zybo_pwm_led_multicolor.sdk/Zybo_periph_wrapper_hw_platform_0/ps7_init.tcl' is done.
18:07:23 INFO  : Context for 'APU' is selected.
18:07:23 INFO  : Hardware design information is loaded from 'C:/Users/brown/Documents/sw/zybo/zybo_pwm_led_multicolor/zybo_pwm_led_multicolor.sdk/Zybo_periph_wrapper_hw_platform_0/system.hdf'.
18:07:23 INFO  : 'configparams force-mem-access 1' command is executed.
18:07:23 INFO  : Context for 'APU' is selected.
18:07:23 INFO  : 'stop' command is executed.
18:07:24 INFO  : 'ps7_init' command is executed.
18:07:24 INFO  : 'ps7_post_config' command is executed.
18:07:24 INFO  : Context for processor 'ps7_cortexa9_0' is selected.
18:07:24 INFO  : Processor reset is completed for 'ps7_cortexa9_0'.
18:07:24 INFO  : Context for processor 'ps7_cortexa9_0' is selected.
18:07:24 INFO  : The application 'C:/Users/brown/Documents/sw/zybo/zybo_pwm_led_multicolor/zybo_pwm_led_multicolor.sdk/try_1/Debug/try_1.elf' is downloaded to processor 'ps7_cortexa9_0'.
18:07:24 INFO  : 'configparams force-mem-access 0' command is executed.
18:07:24 INFO  : ----------------XSDB Script----------------
connect -url tcp:127.0.0.1:3121
source C:/Users/brown/Documents/sw/zybo/zybo_pwm_led_multicolor/zybo_pwm_led_multicolor.sdk/Zybo_periph_wrapper_hw_platform_0/ps7_init.tcl
targets -set -nocase -filter {name =~"APU*" && jtag_cable_name =~ "Digilent Zybo Z7 210351A81A9EA"} -index 0
loadhw -hw C:/Users/brown/Documents/sw/zybo/zybo_pwm_led_multicolor/zybo_pwm_led_multicolor.sdk/Zybo_periph_wrapper_hw_platform_0/system.hdf -mem-ranges [list {0x40000000 0xbfffffff}]
configparams force-mem-access 1
targets -set -nocase -filter {name =~"APU*" && jtag_cable_name =~ "Digilent Zybo Z7 210351A81A9EA"} -index 0
stop
ps7_init
ps7_post_config
targets -set -nocase -filter {name =~ "ARM*#0" && jtag_cable_name =~ "Digilent Zybo Z7 210351A81A9EA"} -index 0
rst -processor
targets -set -nocase -filter {name =~ "ARM*#0" && jtag_cable_name =~ "Digilent Zybo Z7 210351A81A9EA"} -index 0
dow C:/Users/brown/Documents/sw/zybo/zybo_pwm_led_multicolor/zybo_pwm_led_multicolor.sdk/try_1/Debug/try_1.elf
configparams force-mem-access 0
----------------End of Script----------------

18:07:24 INFO  : Context for processor 'ps7_cortexa9_0' is selected.
18:07:24 INFO  : 'con' command is executed.
18:07:24 INFO  : ----------------XSDB Script (After Launch)----------------
targets -set -nocase -filter {name =~ "ARM*#0" && jtag_cable_name =~ "Digilent Zybo Z7 210351A81A9EA"} -index 0
con
----------------End of Script----------------

18:07:24 INFO  : Disconnected from the channel tcfchan#16.
18:07:32 INFO  : 'targets -set -filter {jtag_cable_name =~ "Digilent Zybo Z7 210351A81A9EA" && level==0} -index 1' command is executed.
18:07:32 INFO  : 'fpga -state' command is executed.
18:07:32 INFO  : Connected to target on host '127.0.0.1' and port '3121'.
18:07:32 INFO  : Jtag cable 'Digilent Zybo Z7 210351A81A9EA' is selected.
18:07:32 INFO  : 'jtag frequency' command is executed.
18:07:32 INFO  : Sourcing of 'C:/Users/brown/Documents/sw/zybo/zybo_pwm_led_multicolor/zybo_pwm_led_multicolor.sdk/Zybo_periph_wrapper_hw_platform_0/ps7_init.tcl' is done.
18:07:33 INFO  : Context for 'APU' is selected.
18:07:33 INFO  : Hardware design information is loaded from 'C:/Users/brown/Documents/sw/zybo/zybo_pwm_led_multicolor/zybo_pwm_led_multicolor.sdk/Zybo_periph_wrapper_hw_platform_0/system.hdf'.
18:07:33 INFO  : 'configparams force-mem-access 1' command is executed.
18:07:33 INFO  : Context for 'APU' is selected.
18:07:33 INFO  : 'stop' command is executed.
18:07:33 INFO  : 'ps7_init' command is executed.
18:07:33 INFO  : 'ps7_post_config' command is executed.
18:07:33 INFO  : Context for processor 'ps7_cortexa9_0' is selected.
18:07:33 INFO  : Processor reset is completed for 'ps7_cortexa9_0'.
18:07:33 INFO  : Context for processor 'ps7_cortexa9_0' is selected.
18:07:34 INFO  : The application 'C:/Users/brown/Documents/sw/zybo/zybo_pwm_led_multicolor/zybo_pwm_led_multicolor.sdk/try_1/Debug/try_1.elf' is downloaded to processor 'ps7_cortexa9_0'.
18:07:34 INFO  : 'configparams force-mem-access 0' command is executed.
18:07:34 INFO  : ----------------XSDB Script----------------
connect -url tcp:127.0.0.1:3121
source C:/Users/brown/Documents/sw/zybo/zybo_pwm_led_multicolor/zybo_pwm_led_multicolor.sdk/Zybo_periph_wrapper_hw_platform_0/ps7_init.tcl
targets -set -nocase -filter {name =~"APU*" && jtag_cable_name =~ "Digilent Zybo Z7 210351A81A9EA"} -index 0
loadhw -hw C:/Users/brown/Documents/sw/zybo/zybo_pwm_led_multicolor/zybo_pwm_led_multicolor.sdk/Zybo_periph_wrapper_hw_platform_0/system.hdf -mem-ranges [list {0x40000000 0xbfffffff}]
configparams force-mem-access 1
targets -set -nocase -filter {name =~"APU*" && jtag_cable_name =~ "Digilent Zybo Z7 210351A81A9EA"} -index 0
stop
ps7_init
ps7_post_config
targets -set -nocase -filter {name =~ "ARM*#0" && jtag_cable_name =~ "Digilent Zybo Z7 210351A81A9EA"} -index 0
rst -processor
targets -set -nocase -filter {name =~ "ARM*#0" && jtag_cable_name =~ "Digilent Zybo Z7 210351A81A9EA"} -index 0
dow C:/Users/brown/Documents/sw/zybo/zybo_pwm_led_multicolor/zybo_pwm_led_multicolor.sdk/try_1/Debug/try_1.elf
configparams force-mem-access 0
----------------End of Script----------------

18:07:34 INFO  : Context for processor 'ps7_cortexa9_0' is selected.
18:07:34 INFO  : 'con' command is executed.
18:07:34 INFO  : ----------------XSDB Script (After Launch)----------------
targets -set -nocase -filter {name =~ "ARM*#0" && jtag_cable_name =~ "Digilent Zybo Z7 210351A81A9EA"} -index 0
con
----------------End of Script----------------

18:07:34 INFO  : Disconnected from the channel tcfchan#17.
18:09:23 INFO  : 'targets -set -filter {jtag_cable_name =~ "Digilent Zybo Z7 210351A81A9EA" && level==0} -index 1' command is executed.
18:09:23 INFO  : 'fpga -state' command is executed.
18:09:23 INFO  : Connected to target on host '127.0.0.1' and port '3121'.
18:09:24 INFO  : Jtag cable 'Digilent Zybo Z7 210351A81A9EA' is selected.
18:09:24 INFO  : 'jtag frequency' command is executed.
18:09:24 INFO  : Sourcing of 'C:/Users/brown/Documents/sw/zybo/zybo_pwm_led_multicolor/zybo_pwm_led_multicolor.sdk/Zybo_periph_wrapper_hw_platform_0/ps7_init.tcl' is done.
18:09:24 INFO  : Context for 'APU' is selected.
18:09:24 INFO  : Hardware design information is loaded from 'C:/Users/brown/Documents/sw/zybo/zybo_pwm_led_multicolor/zybo_pwm_led_multicolor.sdk/Zybo_periph_wrapper_hw_platform_0/system.hdf'.
18:09:24 INFO  : 'configparams force-mem-access 1' command is executed.
18:09:24 INFO  : Context for 'APU' is selected.
18:09:24 INFO  : 'stop' command is executed.
18:09:24 INFO  : 'ps7_init' command is executed.
18:09:24 INFO  : 'ps7_post_config' command is executed.
18:09:24 INFO  : Context for processor 'ps7_cortexa9_0' is selected.
18:09:25 INFO  : Processor reset is completed for 'ps7_cortexa9_0'.
18:09:25 INFO  : Context for processor 'ps7_cortexa9_0' is selected.
18:09:25 INFO  : The application 'C:/Users/brown/Documents/sw/zybo/zybo_pwm_led_multicolor/zybo_pwm_led_multicolor.sdk/try_1/Debug/try_1.elf' is downloaded to processor 'ps7_cortexa9_0'.
18:09:25 INFO  : 'configparams force-mem-access 0' command is executed.
18:09:25 INFO  : ----------------XSDB Script----------------
connect -url tcp:127.0.0.1:3121
source C:/Users/brown/Documents/sw/zybo/zybo_pwm_led_multicolor/zybo_pwm_led_multicolor.sdk/Zybo_periph_wrapper_hw_platform_0/ps7_init.tcl
targets -set -nocase -filter {name =~"APU*" && jtag_cable_name =~ "Digilent Zybo Z7 210351A81A9EA"} -index 0
loadhw -hw C:/Users/brown/Documents/sw/zybo/zybo_pwm_led_multicolor/zybo_pwm_led_multicolor.sdk/Zybo_periph_wrapper_hw_platform_0/system.hdf -mem-ranges [list {0x40000000 0xbfffffff}]
configparams force-mem-access 1
targets -set -nocase -filter {name =~"APU*" && jtag_cable_name =~ "Digilent Zybo Z7 210351A81A9EA"} -index 0
stop
ps7_init
ps7_post_config
targets -set -nocase -filter {name =~ "ARM*#0" && jtag_cable_name =~ "Digilent Zybo Z7 210351A81A9EA"} -index 0
rst -processor
targets -set -nocase -filter {name =~ "ARM*#0" && jtag_cable_name =~ "Digilent Zybo Z7 210351A81A9EA"} -index 0
dow C:/Users/brown/Documents/sw/zybo/zybo_pwm_led_multicolor/zybo_pwm_led_multicolor.sdk/try_1/Debug/try_1.elf
configparams force-mem-access 0
----------------End of Script----------------

18:09:25 INFO  : Context for processor 'ps7_cortexa9_0' is selected.
18:09:25 INFO  : 'con' command is executed.
18:09:25 INFO  : ----------------XSDB Script (After Launch)----------------
targets -set -nocase -filter {name =~ "ARM*#0" && jtag_cable_name =~ "Digilent Zybo Z7 210351A81A9EA"} -index 0
con
----------------End of Script----------------

18:09:25 INFO  : Disconnected from the channel tcfchan#18.
18:13:12 INFO  : 'targets -set -filter {jtag_cable_name =~ "Digilent Zybo Z7 210351A81A9EA" && level==0} -index 1' command is executed.
18:13:12 INFO  : 'fpga -state' command is executed.
18:13:12 INFO  : Connected to target on host '127.0.0.1' and port '3121'.
18:13:12 INFO  : Jtag cable 'Digilent Zybo Z7 210351A81A9EA' is selected.
18:13:12 INFO  : 'jtag frequency' command is executed.
18:13:12 INFO  : Sourcing of 'C:/Users/brown/Documents/sw/zybo/zybo_pwm_led_multicolor/zybo_pwm_led_multicolor.sdk/Zybo_periph_wrapper_hw_platform_0/ps7_init.tcl' is done.
18:13:12 INFO  : Context for 'APU' is selected.
18:13:12 INFO  : Hardware design information is loaded from 'C:/Users/brown/Documents/sw/zybo/zybo_pwm_led_multicolor/zybo_pwm_led_multicolor.sdk/Zybo_periph_wrapper_hw_platform_0/system.hdf'.
18:13:12 INFO  : 'configparams force-mem-access 1' command is executed.
18:13:12 INFO  : Context for 'APU' is selected.
18:13:13 INFO  : 'stop' command is executed.
18:13:13 INFO  : 'ps7_init' command is executed.
18:13:13 INFO  : 'ps7_post_config' command is executed.
18:13:13 INFO  : Context for processor 'ps7_cortexa9_0' is selected.
18:13:13 INFO  : Processor reset is completed for 'ps7_cortexa9_0'.
18:13:13 INFO  : Context for processor 'ps7_cortexa9_0' is selected.
18:13:13 INFO  : The application 'C:/Users/brown/Documents/sw/zybo/zybo_pwm_led_multicolor/zybo_pwm_led_multicolor.sdk/try_1/Debug/try_1.elf' is downloaded to processor 'ps7_cortexa9_0'.
18:13:13 INFO  : 'configparams force-mem-access 0' command is executed.
18:13:13 INFO  : ----------------XSDB Script----------------
connect -url tcp:127.0.0.1:3121
source C:/Users/brown/Documents/sw/zybo/zybo_pwm_led_multicolor/zybo_pwm_led_multicolor.sdk/Zybo_periph_wrapper_hw_platform_0/ps7_init.tcl
targets -set -nocase -filter {name =~"APU*" && jtag_cable_name =~ "Digilent Zybo Z7 210351A81A9EA"} -index 0
loadhw -hw C:/Users/brown/Documents/sw/zybo/zybo_pwm_led_multicolor/zybo_pwm_led_multicolor.sdk/Zybo_periph_wrapper_hw_platform_0/system.hdf -mem-ranges [list {0x40000000 0xbfffffff}]
configparams force-mem-access 1
targets -set -nocase -filter {name =~"APU*" && jtag_cable_name =~ "Digilent Zybo Z7 210351A81A9EA"} -index 0
stop
ps7_init
ps7_post_config
targets -set -nocase -filter {name =~ "ARM*#0" && jtag_cable_name =~ "Digilent Zybo Z7 210351A81A9EA"} -index 0
rst -processor
targets -set -nocase -filter {name =~ "ARM*#0" && jtag_cable_name =~ "Digilent Zybo Z7 210351A81A9EA"} -index 0
dow C:/Users/brown/Documents/sw/zybo/zybo_pwm_led_multicolor/zybo_pwm_led_multicolor.sdk/try_1/Debug/try_1.elf
configparams force-mem-access 0
----------------End of Script----------------

18:13:14 INFO  : Context for processor 'ps7_cortexa9_0' is selected.
18:13:14 INFO  : 'con' command is executed.
18:13:14 INFO  : ----------------XSDB Script (After Launch)----------------
targets -set -nocase -filter {name =~ "ARM*#0" && jtag_cable_name =~ "Digilent Zybo Z7 210351A81A9EA"} -index 0
con
----------------End of Script----------------

18:13:14 INFO  : Disconnected from the channel tcfchan#19.
18:15:15 INFO  : 'targets -set -filter {jtag_cable_name =~ "Digilent Zybo Z7 210351A81A9EA" && level==0} -index 1' command is executed.
18:15:15 INFO  : 'fpga -state' command is executed.
18:15:15 INFO  : Connected to target on host '127.0.0.1' and port '3121'.
18:15:15 INFO  : Jtag cable 'Digilent Zybo Z7 210351A81A9EA' is selected.
18:15:15 INFO  : 'jtag frequency' command is executed.
18:15:15 INFO  : Sourcing of 'C:/Users/brown/Documents/sw/zybo/zybo_pwm_led_multicolor/zybo_pwm_led_multicolor.sdk/Zybo_periph_wrapper_hw_platform_0/ps7_init.tcl' is done.
18:15:15 INFO  : Context for 'APU' is selected.
18:15:15 INFO  : Hardware design information is loaded from 'C:/Users/brown/Documents/sw/zybo/zybo_pwm_led_multicolor/zybo_pwm_led_multicolor.sdk/Zybo_periph_wrapper_hw_platform_0/system.hdf'.
18:15:15 INFO  : 'configparams force-mem-access 1' command is executed.
18:15:15 INFO  : Context for 'APU' is selected.
18:15:15 INFO  : 'stop' command is executed.
18:15:16 INFO  : 'ps7_init' command is executed.
18:15:16 INFO  : 'ps7_post_config' command is executed.
18:15:16 INFO  : Context for processor 'ps7_cortexa9_0' is selected.
18:15:16 INFO  : Processor reset is completed for 'ps7_cortexa9_0'.
18:15:16 INFO  : Context for processor 'ps7_cortexa9_0' is selected.
18:15:16 INFO  : The application 'C:/Users/brown/Documents/sw/zybo/zybo_pwm_led_multicolor/zybo_pwm_led_multicolor.sdk/try_1/Debug/try_1.elf' is downloaded to processor 'ps7_cortexa9_0'.
18:15:16 INFO  : 'configparams force-mem-access 0' command is executed.
18:15:16 INFO  : ----------------XSDB Script----------------
connect -url tcp:127.0.0.1:3121
source C:/Users/brown/Documents/sw/zybo/zybo_pwm_led_multicolor/zybo_pwm_led_multicolor.sdk/Zybo_periph_wrapper_hw_platform_0/ps7_init.tcl
targets -set -nocase -filter {name =~"APU*" && jtag_cable_name =~ "Digilent Zybo Z7 210351A81A9EA"} -index 0
loadhw -hw C:/Users/brown/Documents/sw/zybo/zybo_pwm_led_multicolor/zybo_pwm_led_multicolor.sdk/Zybo_periph_wrapper_hw_platform_0/system.hdf -mem-ranges [list {0x40000000 0xbfffffff}]
configparams force-mem-access 1
targets -set -nocase -filter {name =~"APU*" && jtag_cable_name =~ "Digilent Zybo Z7 210351A81A9EA"} -index 0
stop
ps7_init
ps7_post_config
targets -set -nocase -filter {name =~ "ARM*#0" && jtag_cable_name =~ "Digilent Zybo Z7 210351A81A9EA"} -index 0
rst -processor
targets -set -nocase -filter {name =~ "ARM*#0" && jtag_cable_name =~ "Digilent Zybo Z7 210351A81A9EA"} -index 0
dow C:/Users/brown/Documents/sw/zybo/zybo_pwm_led_multicolor/zybo_pwm_led_multicolor.sdk/try_1/Debug/try_1.elf
configparams force-mem-access 0
----------------End of Script----------------

18:15:16 INFO  : Context for processor 'ps7_cortexa9_0' is selected.
18:15:16 INFO  : 'con' command is executed.
18:15:16 INFO  : ----------------XSDB Script (After Launch)----------------
targets -set -nocase -filter {name =~ "ARM*#0" && jtag_cable_name =~ "Digilent Zybo Z7 210351A81A9EA"} -index 0
con
----------------End of Script----------------

18:15:16 INFO  : Disconnected from the channel tcfchan#20.
18:17:04 INFO  : 'targets -set -filter {jtag_cable_name =~ "Digilent Zybo Z7 210351A81A9EA" && level==0} -index 1' command is executed.
18:17:04 INFO  : 'fpga -state' command is executed.
18:17:04 INFO  : Connected to target on host '127.0.0.1' and port '3121'.
18:17:04 INFO  : Jtag cable 'Digilent Zybo Z7 210351A81A9EA' is selected.
18:17:04 INFO  : 'jtag frequency' command is executed.
18:17:04 INFO  : Sourcing of 'C:/Users/brown/Documents/sw/zybo/zybo_pwm_led_multicolor/zybo_pwm_led_multicolor.sdk/Zybo_periph_wrapper_hw_platform_0/ps7_init.tcl' is done.
18:17:05 INFO  : Context for 'APU' is selected.
18:17:05 INFO  : Hardware design information is loaded from 'C:/Users/brown/Documents/sw/zybo/zybo_pwm_led_multicolor/zybo_pwm_led_multicolor.sdk/Zybo_periph_wrapper_hw_platform_0/system.hdf'.
18:17:05 INFO  : 'configparams force-mem-access 1' command is executed.
18:17:05 INFO  : Context for 'APU' is selected.
18:17:05 INFO  : 'stop' command is executed.
18:17:05 INFO  : 'ps7_init' command is executed.
18:17:05 INFO  : 'ps7_post_config' command is executed.
18:17:05 INFO  : Context for processor 'ps7_cortexa9_0' is selected.
18:17:05 INFO  : Processor reset is completed for 'ps7_cortexa9_0'.
18:17:05 INFO  : Context for processor 'ps7_cortexa9_0' is selected.
18:17:06 INFO  : The application 'C:/Users/brown/Documents/sw/zybo/zybo_pwm_led_multicolor/zybo_pwm_led_multicolor.sdk/try_1/Debug/try_1.elf' is downloaded to processor 'ps7_cortexa9_0'.
18:17:06 INFO  : 'configparams force-mem-access 0' command is executed.
18:17:06 INFO  : ----------------XSDB Script----------------
connect -url tcp:127.0.0.1:3121
source C:/Users/brown/Documents/sw/zybo/zybo_pwm_led_multicolor/zybo_pwm_led_multicolor.sdk/Zybo_periph_wrapper_hw_platform_0/ps7_init.tcl
targets -set -nocase -filter {name =~"APU*" && jtag_cable_name =~ "Digilent Zybo Z7 210351A81A9EA"} -index 0
loadhw -hw C:/Users/brown/Documents/sw/zybo/zybo_pwm_led_multicolor/zybo_pwm_led_multicolor.sdk/Zybo_periph_wrapper_hw_platform_0/system.hdf -mem-ranges [list {0x40000000 0xbfffffff}]
configparams force-mem-access 1
targets -set -nocase -filter {name =~"APU*" && jtag_cable_name =~ "Digilent Zybo Z7 210351A81A9EA"} -index 0
stop
ps7_init
ps7_post_config
targets -set -nocase -filter {name =~ "ARM*#0" && jtag_cable_name =~ "Digilent Zybo Z7 210351A81A9EA"} -index 0
rst -processor
targets -set -nocase -filter {name =~ "ARM*#0" && jtag_cable_name =~ "Digilent Zybo Z7 210351A81A9EA"} -index 0
dow C:/Users/brown/Documents/sw/zybo/zybo_pwm_led_multicolor/zybo_pwm_led_multicolor.sdk/try_1/Debug/try_1.elf
configparams force-mem-access 0
----------------End of Script----------------

18:17:06 INFO  : Context for processor 'ps7_cortexa9_0' is selected.
18:17:06 INFO  : 'con' command is executed.
18:17:06 INFO  : ----------------XSDB Script (After Launch)----------------
targets -set -nocase -filter {name =~ "ARM*#0" && jtag_cable_name =~ "Digilent Zybo Z7 210351A81A9EA"} -index 0
con
----------------End of Script----------------

18:17:06 INFO  : Disconnected from the channel tcfchan#21.
18:18:44 INFO  : 'targets -set -filter {jtag_cable_name =~ "Digilent Zybo Z7 210351A81A9EA" && level==0} -index 1' command is executed.
18:18:44 INFO  : 'fpga -state' command is executed.
18:18:44 INFO  : Connected to target on host '127.0.0.1' and port '3121'.
18:18:45 INFO  : Jtag cable 'Digilent Zybo Z7 210351A81A9EA' is selected.
18:18:45 INFO  : 'jtag frequency' command is executed.
18:18:45 INFO  : Sourcing of 'C:/Users/brown/Documents/sw/zybo/zybo_pwm_led_multicolor/zybo_pwm_led_multicolor.sdk/Zybo_periph_wrapper_hw_platform_0/ps7_init.tcl' is done.
18:18:45 INFO  : Context for 'APU' is selected.
18:18:45 INFO  : Hardware design information is loaded from 'C:/Users/brown/Documents/sw/zybo/zybo_pwm_led_multicolor/zybo_pwm_led_multicolor.sdk/Zybo_periph_wrapper_hw_platform_0/system.hdf'.
18:18:45 INFO  : 'configparams force-mem-access 1' command is executed.
18:18:45 INFO  : Context for 'APU' is selected.
18:18:45 INFO  : 'stop' command is executed.
18:18:45 INFO  : 'ps7_init' command is executed.
18:18:45 INFO  : 'ps7_post_config' command is executed.
18:18:45 INFO  : Context for processor 'ps7_cortexa9_0' is selected.
18:18:45 INFO  : Processor reset is completed for 'ps7_cortexa9_0'.
18:18:45 INFO  : Context for processor 'ps7_cortexa9_0' is selected.
18:18:46 INFO  : The application 'C:/Users/brown/Documents/sw/zybo/zybo_pwm_led_multicolor/zybo_pwm_led_multicolor.sdk/try_1/Debug/try_1.elf' is downloaded to processor 'ps7_cortexa9_0'.
18:18:46 INFO  : 'configparams force-mem-access 0' command is executed.
18:18:46 INFO  : ----------------XSDB Script----------------
connect -url tcp:127.0.0.1:3121
source C:/Users/brown/Documents/sw/zybo/zybo_pwm_led_multicolor/zybo_pwm_led_multicolor.sdk/Zybo_periph_wrapper_hw_platform_0/ps7_init.tcl
targets -set -nocase -filter {name =~"APU*" && jtag_cable_name =~ "Digilent Zybo Z7 210351A81A9EA"} -index 0
loadhw -hw C:/Users/brown/Documents/sw/zybo/zybo_pwm_led_multicolor/zybo_pwm_led_multicolor.sdk/Zybo_periph_wrapper_hw_platform_0/system.hdf -mem-ranges [list {0x40000000 0xbfffffff}]
configparams force-mem-access 1
targets -set -nocase -filter {name =~"APU*" && jtag_cable_name =~ "Digilent Zybo Z7 210351A81A9EA"} -index 0
stop
ps7_init
ps7_post_config
targets -set -nocase -filter {name =~ "ARM*#0" && jtag_cable_name =~ "Digilent Zybo Z7 210351A81A9EA"} -index 0
rst -processor
targets -set -nocase -filter {name =~ "ARM*#0" && jtag_cable_name =~ "Digilent Zybo Z7 210351A81A9EA"} -index 0
dow C:/Users/brown/Documents/sw/zybo/zybo_pwm_led_multicolor/zybo_pwm_led_multicolor.sdk/try_1/Debug/try_1.elf
configparams force-mem-access 0
----------------End of Script----------------

18:18:46 INFO  : Context for processor 'ps7_cortexa9_0' is selected.
18:18:46 INFO  : 'con' command is executed.
18:18:46 INFO  : ----------------XSDB Script (After Launch)----------------
targets -set -nocase -filter {name =~ "ARM*#0" && jtag_cable_name =~ "Digilent Zybo Z7 210351A81A9EA"} -index 0
con
----------------End of Script----------------

18:18:46 INFO  : Disconnected from the channel tcfchan#22.
18:20:35 INFO  : Launching XSCT server: xsct.bat -interactive C:\Users\brown\Documents\sw\zybo\zybo_pwm_led_multicolor\zybo_pwm_led_multicolor.sdk\temp_xsdb_launch_script.tcl
